TN:
SF:..\02-ratelimitter.js
FNF:0
FNH:0
DA:1,1
DA:2,1
DA:3,1
DA:4,1
DA:5,1
DA:6,1
DA:7,1
DA:8,1
DA:9,1
DA:10,1
DA:11,1
DA:12,1
DA:13,1
DA:14,2
DA:15,1
DA:16,1
DA:17,1
DA:18,13
DA:19,13
DA:20,0
DA:21,0
DA:22,0
DA:23,13
DA:24,13
DA:25,13
DA:26,13
DA:27,11
DA:28,11
DA:29,7
DA:30,11
DA:31,4
DA:32,4
DA:33,13
DA:34,2
DA:35,2
DA:36,2
DA:37,1
DA:38,1
DA:39,1
DA:40,6
DA:41,1
DA:42,1
DA:43,1
DA:44,0
DA:45,1
DA:46,1
DA:47,1
DA:48,1
LF:48
LH:44
BRDA:13,0,0,2
BRDA:17,1,0,13
BRDA:19,2,0,0
BRDA:26,3,0,11
BRDA:28,4,0,7
BRDA:30,5,0,4
BRDA:33,6,0,2
BRDA:39,7,0,6
BRF:8
BRH:7
end_of_record
